0 info it worked if it ends with ok
1 verbose cli [ 'C:\\Program Files\\nodejs\\node.exe',
1 verbose cli   'C:\\Program Files\\nodejs\\node_modules\\npm\\bin\\npm-cli.js',
1 verbose cli   'install',
1 verbose cli   '-g',
1 verbose cli   'bower' ]
2 info using npm@3.10.10
3 info using node@v6.9.5
4 silly loadCurrentTree Starting
5 silly install loadCurrentTree
6 silly install readGlobalPackageData
7 silly fetchPackageMetaData bower
8 silly fetchNamedPackageData bower
9 silly mapToRegistry name bower
10 silly mapToRegistry using default registry
11 silly mapToRegistry registry https://registry.npmjs.org/
12 silly mapToRegistry data Result {
12 silly mapToRegistry   raw: 'bower',
12 silly mapToRegistry   scope: null,
12 silly mapToRegistry   escapedName: 'bower',
12 silly mapToRegistry   name: 'bower',
12 silly mapToRegistry   rawSpec: '',
12 silly mapToRegistry   spec: 'latest',
12 silly mapToRegistry   type: 'tag' }
13 silly mapToRegistry uri https://registry.npmjs.org/bower
14 verbose request uri https://registry.npmjs.org/bower
15 verbose request no auth needed
16 info attempt registry request try #1 at 13:37:32
17 verbose request id ee200f2201742ed1
18 http request GET https://registry.npmjs.org/bower
19 http 200 https://registry.npmjs.org/bower
20 verbose headers { server: 'nginx/1.10.1',
20 verbose headers   'content-type': 'application/json',
20 verbose headers   'last-modified': 'Sat, 11 Feb 2017 19:06:26 GMT',
20 verbose headers   etag: 'W/"589f60b2-2ae1a"',
20 verbose headers   'content-encoding': 'gzip',
20 verbose headers   'cache-control': 'max-age=300',
20 verbose headers   'content-length': '16520',
20 verbose headers   'accept-ranges': 'bytes',
20 verbose headers   date: 'Tue, 14 Feb 2017 05:37:34 GMT',
20 verbose headers   via: '1.1 varnish',
20 verbose headers   age: '168',
20 verbose headers   connection: 'keep-alive',
20 verbose headers   'x-served-by': 'cache-nrt6135-NRT',
20 verbose headers   'x-cache': 'HIT',
20 verbose headers   'x-cache-hits': '2',
20 verbose headers   'x-timer': 'S1487050654.153594,VS0,VE0',
20 verbose headers   vary: 'Accept-Encoding' }
21 silly get cb [ 200,
21 silly get   { server: 'nginx/1.10.1',
21 silly get     'content-type': 'application/json',
21 silly get     'last-modified': 'Sat, 11 Feb 2017 19:06:26 GMT',
21 silly get     etag: 'W/"589f60b2-2ae1a"',
21 silly get     'content-encoding': 'gzip',
21 silly get     'cache-control': 'max-age=300',
21 silly get     'content-length': '16520',
21 silly get     'accept-ranges': 'bytes',
21 silly get     date: 'Tue, 14 Feb 2017 05:37:34 GMT',
21 silly get     via: '1.1 varnish',
21 silly get     age: '168',
21 silly get     connection: 'keep-alive',
21 silly get     'x-served-by': 'cache-nrt6135-NRT',
21 silly get     'x-cache': 'HIT',
21 silly get     'x-cache-hits': '2',
21 silly get     'x-timer': 'S1487050654.153594,VS0,VE0',
21 silly get     vary: 'Accept-Encoding' } ]
22 verbose get saving bower to c:\program files\nodejs\node_cache\registry.npmjs.org\bower\.cache.json
23 verbose correctMkdir c:\program files\nodejs\node_cache correctMkdir not in flight; initializing
24 silly install normalizeTree
25 silly loadCurrentTree Finishing
26 silly loadIdealTree Starting
27 silly install loadIdealTree
28 silly cloneCurrentTree Starting
29 silly install cloneCurrentTreeToIdealTree
30 silly cloneCurrentTree Finishing
31 silly loadShrinkwrap Starting
32 silly install loadShrinkwrap
33 silly loadShrinkwrap Finishing
34 silly loadAllDepsIntoIdealTree Starting
35 silly install loadAllDepsIntoIdealTree
36 silly resolveWithNewModule bower@1.8.0 checking installable status
37 silly cache add args [ 'bower', null ]
38 verbose cache add spec bower
39 silly cache add parsed spec Result {
39 silly cache add   raw: 'bower',
39 silly cache add   scope: null,
39 silly cache add   escapedName: 'bower',
39 silly cache add   name: 'bower',
39 silly cache add   rawSpec: '',
39 silly cache add   spec: 'latest',
39 silly cache add   type: 'tag' }
40 silly addNamed bower@latest
41 verbose addNamed "latest" is being treated as a dist-tag for bower
42 info addNameTag [ 'bower', 'latest' ]
43 silly mapToRegistry name bower
44 silly mapToRegistry using default registry
45 silly mapToRegistry registry https://registry.npmjs.org/
46 silly mapToRegistry data Result {
46 silly mapToRegistry   raw: 'bower',
46 silly mapToRegistry   scope: null,
46 silly mapToRegistry   escapedName: 'bower',
46 silly mapToRegistry   name: 'bower',
46 silly mapToRegistry   rawSpec: '',
46 silly mapToRegistry   spec: 'latest',
46 silly mapToRegistry   type: 'tag' }
47 silly mapToRegistry uri https://registry.npmjs.org/bower
48 verbose addNameTag registry:https://registry.npmjs.org/bower not in flight; fetching
49 verbose request uri https://registry.npmjs.org/bower
50 verbose request no auth needed
51 info attempt registry request try #1 at 13:37:33
52 http request GET https://registry.npmjs.org/bower
53 http 200 https://registry.npmjs.org/bower
54 verbose headers { server: 'nginx/1.10.1',
54 verbose headers   'content-type': 'application/json',
54 verbose headers   'last-modified': 'Sat, 11 Feb 2017 19:06:26 GMT',
54 verbose headers   etag: 'W/"589f60b2-2ae1a"',
54 verbose headers   'content-encoding': 'gzip',
54 verbose headers   'cache-control': 'max-age=300',
54 verbose headers   'content-length': '16520',
54 verbose headers   'accept-ranges': 'bytes',
54 verbose headers   date: 'Tue, 14 Feb 2017 05:37:34 GMT',
54 verbose headers   via: '1.1 varnish',
54 verbose headers   age: '168',
54 verbose headers   connection: 'keep-alive',
54 verbose headers   'x-served-by': 'cache-nrt6135-NRT',
54 verbose headers   'x-cache': 'HIT',
54 verbose headers   'x-cache-hits': '3',
54 verbose headers   'x-timer': 'S1487050654.498267,VS0,VE0',
54 verbose headers   vary: 'Accept-Encoding' }
55 silly get cb [ 200,
55 silly get   { server: 'nginx/1.10.1',
55 silly get     'content-type': 'application/json',
55 silly get     'last-modified': 'Sat, 11 Feb 2017 19:06:26 GMT',
55 silly get     etag: 'W/"589f60b2-2ae1a"',
55 silly get     'content-encoding': 'gzip',
55 silly get     'cache-control': 'max-age=300',
55 silly get     'content-length': '16520',
55 silly get     'accept-ranges': 'bytes',
55 silly get     date: 'Tue, 14 Feb 2017 05:37:34 GMT',
55 silly get     via: '1.1 varnish',
55 silly get     age: '168',
55 silly get     connection: 'keep-alive',
55 silly get     'x-served-by': 'cache-nrt6135-NRT',
55 silly get     'x-cache': 'HIT',
55 silly get     'x-cache-hits': '3',
55 silly get     'x-timer': 'S1487050654.498267,VS0,VE0',
55 silly get     vary: 'Accept-Encoding' } ]
56 verbose get saving bower to c:\program files\nodejs\node_cache\registry.npmjs.org\bower\.cache.json
57 verbose correctMkdir c:\program files\nodejs\node_cache correctMkdir not in flight; initializing
58 silly addNameTag next cb for bower with tag latest
59 silly addNamed bower@1.8.0
60 verbose addNamed "1.8.0" is a plain semver version for bower
61 silly mapToRegistry name bower
62 silly mapToRegistry using default registry
63 silly mapToRegistry registry https://registry.npmjs.org/
64 silly mapToRegistry data Result {
64 silly mapToRegistry   raw: 'bower',
64 silly mapToRegistry   scope: null,
64 silly mapToRegistry   escapedName: 'bower',
64 silly mapToRegistry   name: 'bower',
64 silly mapToRegistry   rawSpec: '',
64 silly mapToRegistry   spec: 'latest',
64 silly mapToRegistry   type: 'tag' }
65 silly mapToRegistry uri https://registry.npmjs.org/bower
66 verbose addRemoteTarball https://registry.npmjs.org/bower/-/bower-1.8.0.tgz not in flight; adding
67 verbose addRemoteTarball [ 'https://registry.npmjs.org/bower/-/bower-1.8.0.tgz',
67 verbose addRemoteTarball   '55dbebef0ad9155382d9e9d3e497c1372345b44a' ]
68 info retry fetch attempt 1 at 13:37:33
69 info attempt registry request try #1 at 13:37:33
70 http fetch GET https://registry.npmjs.org/bower/-/bower-1.8.0.tgz
71 http fetch 200 https://registry.npmjs.org/bower/-/bower-1.8.0.tgz
72 silly fetchAndShaCheck shasum 55dbebef0ad9155382d9e9d3e497c1372345b44a
73 verbose addTmpTarball C:\Users\jiejie.guo\AppData\Local\Temp\npm-5332-bfe2cc24\registry.npmjs.org\bower\-\bower-1.8.0.tgz not in flight; adding
74 verbose addTmpTarball already have metadata; skipping unpack for bower@1.8.0
75 verbose correctMkdir c:\program files\nodejs\node_cache correctMkdir not in flight; initializing
76 silly rollbackFailedOptional Starting
77 silly rollbackFailedOptional Finishing
78 silly runTopLevelLifecycles Finishing
79 silly install printInstalled
80 verbose stack Error: EPERM: operation not permitted, mkdir 'c:\program files\nodejs\node_cache\bower'
80 verbose stack     at Error (native)
81 verbose cwd C:\Users\jiejie.guo\WebstormProjects\AngularJS-testing\ele
82 error Windows_NT 6.1.7601
83 error argv "C:\\Program Files\\nodejs\\node.exe" "C:\\Program Files\\nodejs\\node_modules\\npm\\bin\\npm-cli.js" "install" "-g" "bower"
84 error node v6.9.5
85 error npm  v3.10.10
86 error path c:\program files\nodejs\node_cache\bower
87 error code EPERM
88 error errno -4048
89 error syscall mkdir
90 error Error: EPERM: operation not permitted, mkdir 'c:\program files\nodejs\node_cache\bower'
90 error     at Error (native)
90 error  { Error: EPERM: operation not permitted, mkdir 'c:\program files\nodejs\node_cache\bower'
90 error     at Error (native)
90 error   errno: -4048,
90 error   code: 'EPERM',
90 error   syscall: 'mkdir',
90 error   path: 'c:\\program files\\nodejs\\node_cache\\bower' }
91 error Please try running this command again as root/Administrator.
92 verbose exit [ -4048, true ]
